<?xml version="1.0" encoding="UTF-8"?>
<!-- Generated by org.testng.reporters.JUnitXMLReporter -->
<testsuite ignored="4" hostname="Manishas-MacBook-Pro.local" failures="0" tests="1" name="Default test" time="11.183" errors="0" timestamp="2023-12-17T22:10:29 PST">
  <testcase classname="com.automation.tests.scripts.SaleforceAutomationScripts" name="login_testcase4b" time="2.312"/>
  <testcase classname="com.automation.tests.scripts.SaleforceAutomationScripts" name="login_testcase3" time="0.0">
    <ignored/>
  </testcase> <!-- login_testcase3 -->
  <testcase classname="com.automation.tests.scripts.SaleforceAutomationScripts" name="login_testcase1" time="0.0">
    <ignored/>
  </testcase> <!-- login_testcase1 -->
  <testcase classname="com.automation.tests.scripts.SaleforceAutomationScripts" name="login_testcase2" time="0.0">
    <ignored/>
  </testcase> <!-- login_testcase2 -->
  <testcase classname="com.automation.tests.scripts.SaleforceAutomationScripts" name="login_testcase4a" time="0.0">
    <ignored/>
  </testcase> <!-- login_testcase4a -->
</testsuite> <!-- Default test -->
