<?xml version="1.0" encoding="UTF-8"?>
<testng-results ignored="4" total="5" passed="1" failed="0" skipped="0">
  <reporter-output>
  </reporter-output>
  <suite started-at="2023-12-17T22:10:18 PST" name="Default suite" finished-at="2023-12-17T22:10:29 PST" duration-ms="11183">
    <groups>
    </groups>
    <test started-at="2023-12-17T22:10:18 PST" name="Default test" finished-at="2023-12-17T22:10:29 PST" duration-ms="11183">
      <class name="com.automation.tests.scripts.SaleforceAutomationScripts">
        <test-method is-config="true" signature="setupBeforeTest()[pri:0, instance:com.automation.tests.scripts.SaleforceAutomationScripts@470734c3]" started-at="2023-12-17T22:10:18 PST" name="setupBeforeTest" finished-at="2023-12-17T22:10:19 PST" duration-ms="798" status="PASS">
          <reporter-output>
          </reporter-output>
        </test-method> <!-- setupBeforeTest -->
        <test-method is-config="true" signature="setUpBeforeTestMethod(java.lang.String)[pri:0, instance:com.automation.tests.scripts.SaleforceAutomationScripts@470734c3]" started-at="2023-12-17T22:10:19 PST" name="setUpBeforeTestMethod" finished-at="2023-12-17T22:10:26 PST" duration-ms="7843" status="PASS">
          <params>
            <param index="0">
              <value>
                <![CDATA[chrome]]>
              </value>
            </param>
          </params>
          <reporter-output>
          </reporter-output>
        </test-method> <!-- setUpBeforeTestMethod -->
        <test-method signature="login_testcase4b()[pri:0, instance:com.automation.tests.scripts.SaleforceAutomationScripts@470734c3]" started-at="2023-12-17T22:10:26 PST" name="login_testcase4b" finished-at="2023-12-17T22:10:29 PST" duration-ms="2312" status="PASS">
          <reporter-output>
          </reporter-output>
        </test-method> <!-- login_testcase4b -->
        <test-method is-config="true" signature="tearDownAfterTestMethod()[pri:0, instance:com.automation.tests.scripts.SaleforceAutomationScripts@470734c3]" started-at="2023-12-17T22:10:29 PST" name="tearDownAfterTestMethod" finished-at="2023-12-17T22:10:29 PST" duration-ms="192" status="PASS">
          <reporter-output>
          </reporter-output>
        </test-method> <!-- tearDownAfterTestMethod -->
      </class> <!-- com.automation.tests.scripts.SaleforceAutomationScripts -->
    </test> <!-- Default test -->
  </suite> <!-- Default suite -->
</testng-results>
